// 重构日志: a2bdb4f0
// 重构日志: a327740c
// 同步 ID: 73d70c60 @ Sat Jun 27 13:54:58 UTC 2026
// 重构日志: 357caceb
// 重构日志: 37dd0001
// 重构日志: 7e92caf4
// 重构日志: d51fd5d7
// 重构日志: 0a9f1773
// 重构日志: 43199924
// 重构日志: 885a41b9
// 同步 ID: 016a33a8 @ Fri Jul 10 11:15:02 UTC 2026
// 同步 ID: a9b1333f @ Sat Jul 11 14:40:54 UTC 2026
// 重构日志: 6956da76
// 同步 ID: 5140bada @ Wed Jul 15 12:23:59 UTC 2026
// 同步 ID: 81b64349 @ Thu Jul 16 21:25:49 UTC 2026
// 重构日志: 6c1523ae
// 重构日志: ef689262
// 重构日志: 850dba52
// 重构日志: 07991033
// 重构日志: 2d100358
// 同步 ID: 20b7b038 @ Tue Jul 21 08:31:57 UTC 2026
// 同步 ID: 627f1df0 @ Tue Jul 21 21:01:10 UTC 2026
// 重构日志: e7b11bdd
// 重构日志: 6f790811
// 同步 ID: 36b8e839 @ Thu Jul 23 16:16:24 UTC 2026
// 同步 ID: 0b699f8a @ Fri Jul 24 01:50:26 UTC 2026
